<?xml version="1.0" encoding="UTF-8"?>
<!-- Generated by org.testng.reporters.JUnitReportReporter -->
<testsuite hostname="LAPTOP-Q8Q57V6B" failures="0" tests="2" name="Com.Orange.qa.TestCases.HomepageTest" time="56.564" errors="0" timestamp="2022-10-17T10:58:07 IST" skipped="0">
  <testcase classname="Com.Orange.qa.TestCases.HomepageTest" name="EmployeeName" time="23.876"/>
  <system-out/>
  <testcase classname="Com.Orange.qa.TestCases.HomepageTest" name="AddEmploy" time="32.688"/>
  <system-out/>
</testsuite> <!-- Com.Orange.qa.TestCases.HomepageTest -->
