<?xml version="1.0" encoding="UTF-8"?>
<!-- Generated by org.testng.reporters.JUnitReportReporter -->
<testsuite hostname="LAPTOP-Q8Q57V6B" failures="0" tests="2" name="Com.Orange.qa.TestCases.LoginpageTest" time="35.143" errors="0" timestamp="2022-10-17T10:58:07 IST" skipped="0">
  <testcase classname="Com.Orange.qa.TestCases.LoginpageTest" name="OrangeUsername" time="19.175"/>
  <system-out/>
  <testcase classname="Com.Orange.qa.TestCases.LoginpageTest" name="OrangeHRMPageTitle" time="15.968"/>
  <system-out/>
</testsuite> <!-- Com.Orange.qa.TestCases.LoginpageTest -->
