<?xml version="1.0" encoding="UTF-8"?>
<!-- Generated by org.testng.reporters.JUnitReportReporter -->
<testsuite hostname="LAPTOP-Q8Q57V6B" failures="0" tests="1" name="Com.Orange.qa.TestCases.Adminpage" time="36.864" errors="0" timestamp="2022-10-17T10:58:07 IST" skipped="0">
  <testcase classname="Com.Orange.qa.TestCases.Adminpage" name="AdminPages1" time="36.864"/>
  <system-out/>
</testsuite> <!-- Com.Orange.qa.TestCases.Adminpage -->
