<?xml version="1.0" encoding="UTF-8"?>
<!-- Generated by org.testng.reporters.JUnitReportReporter -->
<testsuite hostname="LAPTOP-Q8Q57V6B" failures="0" tests="1" name="Com.Orange.qa.TestCases.Loginbyexceldata" time="0.000" errors="0" timestamp="2022-10-17T10:47:50 IST" skipped="1">
  <testcase classname="Com.Orange.qa.TestCases.Loginbyexceldata" name="LoginpageExcleSheet" time="0.000">
    <skipped/>
  </testcase> <!-- LoginpageExcleSheet -->
  <system-out/>
</testsuite> <!-- Com.Orange.qa.TestCases.Loginbyexceldata -->
