<?xml version="1.0" encoding="UTF-8"?>
<!-- Generated by org.testng.reporters.JUnitReportReporter -->
<testsuite hostname="LAPTOP-Q8Q57V6B" failures="0" tests="1" name="Com.Orange.qa.TestCases.ConfigurationPageTest" time="16.544" errors="0" timestamp="2022-10-17T10:58:07 IST" skipped="0">
  <testcase classname="Com.Orange.qa.TestCases.ConfigurationPageTest" name="ConfigList" time="16.544"/>
  <system-out/>
</testsuite> <!-- Com.Orange.qa.TestCases.ConfigurationPageTest -->
